[1112/165457:INFO:nw_package.cc(175)] "C:\Program Files\NWjsForC2\win32\nw.exe" --ignore-gpu-blacklist "C:\Users\Ashley\AppData\Local\Temp\c2-QDODHF\html5\package.zip"
[1112/165516:INFO:nw_package.cc(175)] "C:\Program Files\NWjsForC2\win32\nw.exe" --ignore-gpu-blacklist "C:\Users\Ashley\AppData\Local\Temp\c2-QDODHF\html5\package.zip"
[1112/165916:INFO:nw_package.cc(175)] "C:\Program Files\NWjsForC2\win32\nw.exe" --ignore-gpu-blacklist "C:\Users\Ashley\AppData\Local\Temp\c2-1F2DNT\html5\package.zip"
[1112/165938:INFO:nw_package.cc(175)] "C:\Program Files\NWjsForC2\win32\nw.exe" --ignore-gpu-blacklist "C:\Users\Ashley\AppData\Local\Temp\c2-1F2DNT\html5\package.zip"
[1112/170009:INFO:nw_package.cc(175)] "C:\Program Files\NWjsForC2\win32\nw.exe" --ignore-gpu-blacklist "C:\Users\Ashley\AppData\Local\Temp\c2-1F2DNT\html5\package.zip"
[1124/140708:INFO:nw_package.cc(175)] "C:\Program Files\NWjsForC2\win32\nw.exe" --ignore-gpu-blacklist "C:\Users\Ashley\AppData\Local\Temp\c2-2EIKZB\html5\package.zip"
[1124/140717:INFO:nw_package.cc(175)] "C:\Program Files\NWjsForC2\win32\nw.exe" --ignore-gpu-blacklist "C:\Users\Ashley\AppData\Local\Temp\c2-2EIKZB\html5\package.zip"
[1124/140730:INFO:nw_package.cc(175)] "C:\Program Files\NWjsForC2\win32\nw.exe" --ignore-gpu-blacklist "C:\Users\Ashley\AppData\Local\Temp\c2-2EIKZB\html5\package.zip"
[1124/141851:INFO:nw_package.cc(175)] "C:\Program Files\NWjsForC2\win32\nw.exe" --ignore-gpu-blacklist "C:\Users\Ashley\AppData\Local\Temp\c2-3NVDRS\html5\package.zip"
[1124/142057:INFO:nw_package.cc(175)] "C:\Program Files\NWjsForC2\win32\nw.exe" --ignore-gpu-blacklist "C:\Users\Ashley\AppData\Local\Temp\c2-3NVDRS\html5\package.zip"
[1124/143511:INFO:nw_package.cc(175)] "C:\Program Files\NWjsForC2\win32\nw.exe" --ignore-gpu-blacklist "C:\Users\Ashley\AppData\Local\Temp\c2-3DTWSE\html5\package.zip"
[1209/124256:INFO:nw_package.cc(175)] "C:\Program Files\NWjsForC2\win32\nw.exe" --ignore-gpu-blacklist "C:\Users\Ashley\AppData\Local\Temp\c2-WYWMLO\html5\package.zip"
[1216/172643:INFO:nw_package.cc(175)] "C:\Program Files\NWjsForC2\win32\nw.exe" --ignore-gpu-blacklist "C:\Users\Ashley\AppData\Local\Temp\c2-2QBUO7\html5\package.zip"
[1216/181234:INFO:nw_package.cc(175)] "C:\Program Files\NWjsForC2\win32\nw.exe" --ignore-gpu-blacklist "C:\Users\Ashley\AppData\Local\Temp\c2-3MT0PK\html5\package.zip"
[0105/120313:INFO:nw_package.cc(175)] "C:\Program Files\NWjsForC2\win32\nw.exe" --ignore-gpu-blacklist "C:\Users\Ashley\AppData\Local\Temp\c2-1Q1TVN\html5\package.zip"
[0105/120322:INFO:nw_package.cc(175)] "C:\Program Files\NWjsForC2\win32\nw.exe" --ignore-gpu-blacklist "C:\Users\Ashley\AppData\Local\Temp\c2-1Q1TVN\html5\package.zip"
[0105/120337:INFO:nw_package.cc(175)] "C:\Program Files\NWjsForC2\win32\nw.exe" --ignore-gpu-blacklist "C:\Users\Ashley\AppData\Local\Temp\c2-1Q1TVN\html5\package.zip"
[0106/193816:INFO:nw_package.cc(175)] "C:\Program Files\NWjsForC2\win32\nw.exe" --ignore-gpu-blacklist "C:\Users\Ashley\AppData\Local\Temp\c2-KZIZHJ\html5\package.zip"
[0106/193854:INFO:nw_package.cc(175)] "C:\Program Files\NWjsForC2\win32\nw.exe" --ignore-gpu-blacklist "C:\Users\Ashley\AppData\Local\Temp\c2-KZIZHJ\html5\package.zip"
[0106/193948:INFO:nw_package.cc(175)] "C:\Program Files\NWjsForC2\win32\nw.exe" --ignore-gpu-blacklist "C:\Users\Ashley\AppData\Local\Temp\c2-KZIZHJ\html5\package.zip"
[0106/194138:INFO:nw_package.cc(175)] "C:\Program Files\NWjsForC2\win32\nw.exe" --ignore-gpu-blacklist "C:\Users\Ashley\AppData\Local\Temp\c2-KZIZHJ\html5\package.zip"
[0106/194247:INFO:nw_package.cc(175)] "C:\Program Files\NWjsForC2\win32\nw.exe" --ignore-gpu-blacklist "C:\Users\Ashley\AppData\Local\Temp\c2-KZIZHJ\html5\package.zip"
[0106/194430:INFO:nw_package.cc(175)] "C:\Program Files\NWjsForC2\win32\nw.exe" --ignore-gpu-blacklist "C:\Users\Ashley\AppData\Local\Temp\c2-KZIZHJ\html5\package.zip"
[0106/200607:INFO:nw_package.cc(175)] "C:\Program Files\NWjsForC2\win32\nw.exe" --ignore-gpu-blacklist "C:\Users\Ashley\AppData\Local\Temp\c2-KZIZHJ\html5\package.zip"
[0106/200613:INFO:nw_package.cc(175)] "C:\Program Files\NWjsForC2\win32\nw.exe" --ignore-gpu-blacklist "C:\Users\Ashley\AppData\Local\Temp\c2-KZIZHJ\html5\package.zip"
[0106/201404:INFO:nw_package.cc(175)] "C:\Program Files\NWjsForC2\win32\nw.exe" --ignore-gpu-blacklist "C:\Users\Ashley\AppData\Local\Temp\c2-LKS0FT\html5\package.zip"
[0106/201427:INFO:nw_package.cc(175)] "C:\Program Files\NWjsForC2\win32\nw.exe" --ignore-gpu-blacklist "C:\Users\Ashley\AppData\Local\Temp\c2-DYS5IK\html5\package.zip"
[0107/132028:INFO:nw_package.cc(175)] "C:\Program Files\NWjsForC2\win32\nw.exe" --ignore-gpu-blacklist "C:\Users\Ashley\AppData\Local\Temp\c2-149AQ3\html5\package.zip"
[0107/153923:INFO:nw_package.cc(175)] "C:\Program Files\NWjsForC2\win32\nw.exe" --ignore-gpu-blacklist "C:\Users\Ashley\AppData\Local\Temp\c2-3STLOZ\html5\package.zip"
[0107/154023:ERROR:image_metadata_extractor.cc(112)] Couldn't load libexif. 126
[0107/154226:INFO:nw_package.cc(175)] "C:\Program Files\NWjsForC2\win32\nw.exe" --ignore-gpu-blacklist "C:\Users\Ashley\AppData\Local\Temp\c2-3STLOZ\html5\package.zip"
[0107/154329:INFO:nw_package.cc(175)] "C:\Program Files\NWjsForC2\win32\nw.exe" --ignore-gpu-blacklist "C:\Users\Ashley\AppData\Local\Temp\c2-3STLOZ\html5\package.zip"
[0107/154420:INFO:nw_package.cc(175)] "C:\Program Files\NWjsForC2\win32\nw.exe" --ignore-gpu-blacklist "C:\Users\Ashley\AppData\Local\Temp\c2-3STLOZ\html5\package.zip"
[0107/154923:INFO:nw_package.cc(175)] "C:\Program Files\NWjsForC2\win32\nw.exe" --ignore-gpu-blacklist "C:\Users\Ashley\AppData\Local\Temp\c2-1OZ4F8\html5\package.zip"
[0111/190218:INFO:nw_package.cc(175)] "C:\Program Files\NWjsForC2\win32\nw.exe" --ignore-gpu-blacklist "C:\Users\Ashley\AppData\Local\Temp\c2-17VFEA\html5\package.zip"
[0111/190509:INFO:nw_package.cc(175)] "C:\Program Files\NWjsForC2\win32\nw.exe" --ignore-gpu-blacklist "C:\Users\Ashley\AppData\Local\Temp\c2-2GKUQQ\html5\package.zip"
[0113/183707:INFO:nw_package.cc(175)] "C:\Program Files\NWjsForC2\win32\nw.exe" --ignore-gpu-blacklist "C:\Users\Ashley\AppData\Local\Temp\c2-262Z6J\html5\package.zip"
[0118/130606:INFO:nw_package.cc(175)] "C:\Program Files\NWjsForC2\win32\nw.exe" --ignore-gpu-blacklist "C:\Users\Ashley\AppData\Local\Temp\c2-1B7T4B\html5\package.zip"
[0201/131359:INFO:nw_package.cc(175)] "C:\Program Files\NWjsForC2\win32\nw.exe" --ignore-gpu-blacklist "C:\Users\Ashley\AppData\Local\Temp\c2-302ZR0\html5\package.zip"
[0201/131359:ERROR:image_metadata_extractor.cc(112)] Couldn't load libexif. 126
[0201/131520:INFO:nw_package.cc(175)] "C:\Program Files\NWjsForC2\win32\nw.exe" --ignore-gpu-blacklist "C:\Users\Ashley\AppData\Local\Temp\c2-302ZR0\html5\package.zip"
[0212/133717:INFO:nw_package.cc(175)] "C:\Program Files\NWjsForC2\win32\nw.exe" --ignore-gpu-blacklist "C:\Users\Ashley\AppData\Local\Temp\c2-2PJA7G\html5\package.zip"
[0212/135040:INFO:nw_package.cc(175)] "C:\Program Files\NWjsForC2\win32\nw.exe" --ignore-gpu-blacklist "C:\Users\Ashley\AppData\Local\Temp\c2-3BORJ8\html5\package.zip"
[0217/135033:INFO:nw_package.cc(175)] "C:\Program Files\NWjsForC2\win32\nw.exe" --ignore-gpu-blacklist "C:\Users\Ashley\AppData\Local\Temp\c2-37XFVY\html5\package.zip"
[0229/140255:INFO:nw_package.cc(175)] "C:\Program Files\NWjsForC2\win32\nw.exe" --ignore-gpu-blacklist "C:\Users\Ashley\AppData\Local\Temp\c2-2R2JJG\html5\package.zip"
[0303/115842:ERROR:crashpad_client_win.cc(316)] CreateProcess: The system cannot find the file specified. (0x2)
[0303/115842:ERROR:crash_report_database_win.cc(549)] CreateDirectory C:\Users\Ashley\AppData\Local\User Data\Crashpad: The system cannot find the path specified. (0x3)
[0303/115842:INFO:nw_package.cc(175)] "C:\Program Files\NWjsForC2\win32\nw.exe" --ignore-gpu-blacklist "C:\Users\Ashley\AppData\Local\Temp\c2-2GYPSP\html5\package.zip"
[0303/115842:ERROR:registration_protocol_win.cc(53)] CreateFile: The system cannot find the path specified. (0x3)
[0303/115842:ERROR:registration_protocol_win.cc(53)] CreateFile: The system cannot find the path specified. (0x3)
[0311/135020:ERROR:crash_report_database_win.cc(549)] CreateDirectory C:\Users\Ashley\AppData\Local\User Data\Crashpad: The system cannot find the path specified. (0x3)
[0311/135020:ERROR:registration_protocol_win.cc(82)] TransactNamedPipe: The pipe has been ended. (0x6D)
[0311/135020:ERROR:crash_report_database_win.cc(549)] CreateDirectory C:\Users\Ashley\AppData\Local\User Data\Crashpad: The system cannot find the path specified. (0x3)
[0311/135020:INFO:nw_package.cc(175)] "C:\Program Files\NWjsForC2\win32\nw.exe" --ignore-gpu-blacklist "C:\Users\Ashley\AppData\Local\Temp\c2-4W5K2I\html5\package.zip"
[0311/135021:ERROR:registration_protocol_win.cc(53)] CreateFile: The system cannot find the file specified. (0x2)
[0311/135021:ERROR:registration_protocol_win.cc(53)] CreateFile: The system cannot find the file specified. (0x2)
[0318/124608:INFO:nw_package.cc(175)] "C:\Program Files\NWjsForC2\win32\nw.exe" --ignore-gpu-blacklist "C:\Users\Ashley\AppData\Local\Temp\c2-LOJ376\html5\package.zip"
[0322/122349:INFO:nw_package.cc(175)] "C:\Program Files\NWjsForC2\win32\nw.exe" --ignore-gpu-blacklist "C:\Users\Ashley\AppData\Local\Temp\c2-NW3T1E\html5\package.zip"
[0331/155703:INFO:nw_package.cc(175)] "C:\Program Files\NWjsForC2\win32\nw.exe" --ignore-gpu-blacklist "C:\Users\Ashley\AppData\Local\Temp\c2-3DNPZT\html5\package.zip"
[0331/155733:ERROR:image_metadata_extractor.cc(114)] Couldn't load libexif. 126
[0331/184444:INFO:nw_package.cc(175)] "C:\Program Files\NWjsForC2\win32\nw.exe" --ignore-gpu-blacklist "C:\Users\Ashley\AppData\Local\Temp\c2-10QZYH\html5\package.zip"
